Running: C:\Xilinx\14.7\ISE_DS\ISE\bin\nt64\unwrapped\fuse.exe -intstyle ise -incremental -lib secureip -o C:/Users/cesar/Documents/procesador/procesadorfinal_tb_isim_beh.exe -prj C:/Users/cesar/Documents/procesador/procesadorfinal_tb_beh.prj work.procesadorfinal_tb 
ISim P.20131013 (signature 0x7708f090)
Number of CPUs detected in this system: 4
Turning on mult-threading, number of parallel sub-compilation jobs: 8 
Determining compilation order of HDL files
Parsing VHDL file "C:/Users/cesar/Documents/procesador/windowsmanager.vhd" into library work
Parsing VHDL file "C:/Users/cesar/Documents/procesador/sumador32bit.vhd" into library work
Parsing VHDL file "C:/Users/cesar/Documents/procesador/reg.vhd" into library work
Parsing VHDL file "C:/Users/cesar/Documents/procesador/PSR_Modifier.vhd" into library work
Parsing VHDL file "C:/Users/cesar/Documents/procesador/psr.vhd" into library work
Parsing VHDL file "C:/Users/cesar/Documents/procesador/PC.vhd" into library work
Parsing VHDL file "C:/Users/cesar/Documents/procesador/mux_rf.vhd" into library work
Parsing VHDL file "C:/Users/cesar/Documents/procesador/mux_pc.vhd" into library work
Parsing VHDL file "C:/Users/cesar/Documents/procesador/mux_Data.vhd" into library work
Parsing VHDL file "C:/Users/cesar/Documents/procesador/multiplexor32.vhd" into library work
Parsing VHDL file "C:/Users/cesar/Documents/procesador/inst_memory.vhd" into library work
Parsing VHDL file "C:/Users/cesar/Documents/procesador/ext_palabra_30.vhd" into library work
Parsing VHDL file "C:/Users/cesar/Documents/procesador/ext_palabra_22.vhd" into library work
Parsing VHDL file "C:/Users/cesar/Documents/procesador/ext_palabra.vhd" into library work
Parsing VHDL file "C:/Users/cesar/Documents/procesador/datamemory.vhd" into library work
Parsing VHDL file "C:/Users/cesar/Documents/procesador/cpu.vhd" into library work
Parsing VHDL file "C:/Users/cesar/Documents/procesador/alu.vhd" into library work
Parsing VHDL file "C:/Users/cesar/Documents/procesador/procesadorf.vhd" into library work
Parsing VHDL file "C:/Users/cesar/Documents/procesador/procesadorfinal_tb.vhd" into library work
Starting static elaboration
Completed static elaboration
Compiling package standard
Compiling package std_logic_1164
Compiling package std_logic_arith
Compiling package std_logic_unsigned
Compiling package textio
Compiling package numeric_std
Compiling architecture behavioral of entity nPC [npc_default]
Compiling architecture behavioral of entity sumador32bit [sumador32bit_default]
Compiling architecture arqinstructionmemory of entity instructionMemory [instructionmemory_default]
Compiling architecture behavioral of entity RF [rf_default]
Compiling architecture behavioral of entity WindowsManager [windowsmanager_default]
Compiling architecture behavioral of entity MUXRF [muxrf_default]
Compiling architecture behavioral of entity CPU [cpu_default]
Compiling architecture arqext_palabra of entity ext_palabra [ext_palabra_default]
Compiling architecture archi of entity multiplexers_1 [multiplexers_1_default]
Compiling architecture behavioral of entity ALU [alu_default]
Compiling architecture behavioral of entity modificador_PSR [modificador_psr_default]
Compiling architecture behavioral of entity PSR [psr_default]
Compiling architecture behavioral of entity DataMemory [datamemory_default]
Compiling architecture behavioral of entity Mux_Data [mux_data_default]
Compiling architecture behavioral of entity ext_palabra_22 [ext_palabra_22_default]
Compiling architecture behavioral of entity ext_palabra_30 [ext_palabra_30_default]
Compiling architecture behavioral of entity MUXPC [muxpc_default]
Compiling architecture behavioral of entity procesadorf [procesadorf_default]
Compiling architecture behavior of entity procesadorfinal_tb
Time Resolution for simulation is 1ps.
Waiting for 17 sub-compilation(s) to finish...
Compiled 43 VHDL Units
Built simulation executable C:/Users/cesar/Documents/procesador/procesadorfinal_tb_isim_beh.exe
Fuse Memory Usage: 37820 KB
Fuse CPU Usage: 906 ms
